2021-04-19T13:55:29+00:00 CRITICAL Maximum execution time of 120 seconds exceeded in C:\xampp\htdocs\sell\wp-includes\functions.wp-scripts.php on line 27

2021-04-19T13:55:29+00:00 CRITICAL Maximum execution time of 120 seconds exceeded in C:\xampp\htdocs\sell\wp-includes\formatting.php on line 547

2021-04-19T13:55:39+00:00 CRITICAL Maximum execution time of 120 seconds exceeded in C:\xampp\htdocs\sell\wp-content\plugins\ocean-extra\includes\menu-icons\includes\library\icon-selector\includes\types\foundation-icons.php on line 1498

2021-04-19T13:55:42+00:00 CRITICAL Maximum execution time of 120 seconds exceeded in C:\xampp\htdocs\sell\wp-content\plugins\woocommerce\includes\admin\class-wc-admin-webhooks.php on line 349

2021-04-19T13:55:43+00:00 CRITICAL Maximum execution time of 120 seconds exceeded in C:\xampp\htdocs\sell\wp-content\plugins\elementor\includes\controls\groups\base.php on line 336

2021-04-19T13:55:43+00:00 CRITICAL Maximum execution time of 120 seconds exceeded in C:\xampp\htdocs\sell\wp-content\plugins\woocommerce\packages\woocommerce-blocks\src\BlockTypes\ProductTopRated.php on line 25

2021-04-19T13:55:43+00:00 CRITICAL Maximum execution time of 120 seconds exceeded in C:\xampp\htdocs\sell\wp-content\plugins\woocommerce\packages\woocommerce-admin\src\Features\Marketing.php on line 16

2021-04-19T13:55:45+00:00 CRITICAL Maximum execution time of 120 seconds exceeded in C:\xampp\htdocs\sell\wp-content\plugins\elementor\includes\autoloader.php on line 293

2021-04-19T13:55:46+00:00 CRITICAL Maximum execution time of 120 seconds exceeded in C:\xampp\htdocs\sell\wp-content\plugins\elementor\includes\managers\controls.php on line 526

2021-04-19T13:55:47+00:00 CRITICAL Maximum execution time of 120 seconds exceeded in C:\xampp\htdocs\sell\wp-content\plugins\elementor\includes\managers\controls.php on line 526

2021-04-19T13:55:48+00:00 CRITICAL Maximum execution time of 120 seconds exceeded in C:\xampp\htdocs\sell\wp-content\plugins\elementor\includes\managers\controls.php on line 526

2021-04-19T13:55:48+00:00 CRITICAL Maximum execution time of 120 seconds exceeded in C:\xampp\htdocs\sell\wp-content\plugins\premium-addons-for-elementor\widgets\premium-grid.php on line 31

2021-04-19T13:55:49+00:00 CRITICAL Maximum execution time of 120 seconds exceeded in C:\xampp\htdocs\sell\wp-content\plugins\elementor\includes\preview.php on line 171

2021-04-19T13:55:51+00:00 CRITICAL Maximum execution time of 120 seconds exceeded in C:\xampp\htdocs\sell\wp-content\plugins\woocommerce\packages\woocommerce-blocks\src\BlockTypes\HandpickedProducts.php on line 7

2021-04-19T13:55:58+00:00 CRITICAL Maximum execution time of 120 seconds exceeded in C:\xampp\htdocs\sell\wp-content\plugins\premium-addons-for-elementor\widgets\premium-image-scroll.php on line 24

2021-04-19T13:56:01+00:00 CRITICAL Maximum execution time of 120 seconds exceeded in C:\xampp\htdocs\sell\wp-includes\class-wp-meta-query.php on line 136

2021-04-19T13:56:09+00:00 CRITICAL Maximum execution time of 120 seconds exceeded in C:\xampp\htdocs\sell\wp-content\plugins\woocommerce\packages\woocommerce-blocks\src\Payments\Integrations\CashOnDelivery.php on line 102

2021-04-19T14:17:59+00:00 CRITICAL Maximum execution time of 120 seconds exceeded in C:\xampp\htdocs\sell\wp-content\plugins\woocommerce\packages\woocommerce-blocks\src\Payments\Integrations\Cheque.php on line 12

2021-04-19T14:18:04+00:00 CRITICAL Maximum execution time of 120 seconds exceeded in C:\xampp\htdocs\sell\wp-content\plugins\smart-slider-3\Nextend\SmartSlider3\Platform\WordPress\compat.php on line 5

2021-04-19T14:18:08+00:00 CRITICAL Maximum execution time of 120 seconds exceeded in C:\xampp\htdocs\sell\wp-content\plugins\smart-slider-3\Nextend\Autoloader.php on line 193

2021-04-19T14:18:08+00:00 CRITICAL Maximum execution time of 120 seconds exceeded in C:\xampp\htdocs\sell\wp-content\plugins\woocommerce\packages\woocommerce-blocks\src\Registry\SharedType.php on line 9

2021-04-19T14:18:10+00:00 CRITICAL Maximum execution time of 120 seconds exceeded in C:\xampp\htdocs\sell\wp-content\plugins\woocommerce\packages\woocommerce-blocks\src\BlockTypes\AbstractBlock.php on line 384

2021-04-19T14:18:10+00:00 CRITICAL Maximum execution time of 120 seconds exceeded in C:\xampp\htdocs\sell\wp-content\plugins\ocean-extra\includes\menu-icons\includes\library\icon-selector\includes\types\foundation-icons.php on line 1498

2021-04-19T14:18:19+00:00 CRITICAL Maximum execution time of 120 seconds exceeded in C:\xampp\htdocs\sell\wp-content\plugins\smart-slider-3\Nextend\SmartSlider3\Platform\WordPress\Admin\free\notice.php on line 5

2021-04-19T14:18:26+00:00 CRITICAL Maximum execution time of 120 seconds exceeded in C:\xampp\htdocs\sell\wp-content\plugins\smart-slider-3\Nextend\Autoloader.php on line 193

2021-04-19T17:22:38+00:00 CRITICAL Maximum execution time of 120 seconds exceeded in C:\xampp\htdocs\sell\wp-content\plugins\woocommerce\packages\action-scheduler\classes\abstracts\ActionScheduler.php on line 121

2021-04-19T17:22:41+00:00 CRITICAL Maximum execution time of 120 seconds exceeded in C:\xampp\htdocs\sell\wp-content\plugins\woocommerce\packages\action-scheduler\classes\abstracts\ActionScheduler.php on line 305

2021-04-19T17:22:42+00:00 CRITICAL Maximum execution time of 120 seconds exceeded in C:\xampp\htdocs\sell\wp-content\plugins\woocommerce\packages\action-scheduler\classes\abstracts\ActionScheduler.php on line 121

2021-04-19T17:22:43+00:00 CRITICAL Maximum execution time of 120 seconds exceeded in C:\xampp\htdocs\sell\wp-content\plugins\woocommerce\packages\action-scheduler\classes\abstracts\ActionScheduler.php on line 305

2021-04-19T17:22:43+00:00 CRITICAL Maximum execution time of 120 seconds exceeded in C:\xampp\htdocs\sell\wp-content\plugins\woocommerce\packages\action-scheduler\classes\abstracts\ActionScheduler.php on line 305

2021-04-19T17:22:43+00:00 CRITICAL Maximum execution time of 120 seconds exceeded in C:\xampp\htdocs\sell\wp-content\plugins\woocommerce\packages\action-scheduler\classes\ActionScheduler_DataController.php on line 188

2021-04-19T17:22:43+00:00 CRITICAL Maximum execution time of 120 seconds exceeded in C:\xampp\htdocs\sell\wp-content\plugins\woocommerce\packages\action-scheduler\classes\abstracts\ActionScheduler.php on line 305

2021-04-19T17:22:44+00:00 CRITICAL Maximum execution time of 120 seconds exceeded in C:\xampp\htdocs\sell\wp-admin\includes\class-wp-screen.php on line 1358

2021-04-19T17:22:45+00:00 CRITICAL Maximum execution time of 120 seconds exceeded in C:\xampp\htdocs\sell\wp-content\plugins\woocommerce\packages\action-scheduler\classes\abstracts\ActionScheduler.php on line 305

2021-04-19T17:22:45+00:00 CRITICAL Maximum execution time of 120 seconds exceeded in C:\xampp\htdocs\sell\wp-content\plugins\woocommerce\packages\action-scheduler\classes\abstracts\ActionScheduler.php on line 121

2021-04-19T17:22:46+00:00 CRITICAL Maximum execution time of 120 seconds exceeded in C:\xampp\htdocs\sell\wp-content\plugins\woocommerce\packages\action-scheduler\classes\abstracts\ActionScheduler.php on line 305

2021-04-19T17:22:46+00:00 CRITICAL Maximum execution time of 120 seconds exceeded in C:\xampp\htdocs\sell\wp-content\plugins\woocommerce\includes\class-wc-autoloader.php on line 53

2021-04-19T17:22:49+00:00 CRITICAL Maximum execution time of 120 seconds exceeded in C:\xampp\htdocs\sell\wp-content\plugins\woocommerce\packages\action-scheduler\classes\abstracts\ActionScheduler.php on line 305

2021-04-19T17:22:49+00:00 CRITICAL Maximum execution time of 120 seconds exceeded in C:\xampp\htdocs\sell\wp-content\plugins\woocommerce\packages\action-scheduler\classes\abstracts\ActionScheduler.php on line 305

2021-04-19T17:22:49+00:00 CRITICAL Maximum execution time of 120 seconds exceeded in C:\xampp\htdocs\sell\wp-content\plugins\woocommerce\packages\action-scheduler\classes\abstracts\ActionScheduler.php on line 121

2021-04-19T17:22:49+00:00 CRITICAL Maximum execution time of 120 seconds exceeded in C:\xampp\htdocs\sell\wp-content\plugins\woocommerce\packages\woocommerce-blocks\src\Assets.php on line 287

2021-04-19T17:22:50+00:00 CRITICAL Maximum execution time of 120 seconds exceeded in C:\xampp\htdocs\sell\wp-content\plugins\smart-slider-3\Nextend\Autoloader.php on line 193

2021-04-19T17:22:53+00:00 CRITICAL Maximum execution time of 120 seconds exceeded in C:\xampp\htdocs\sell\wp-content\plugins\woocommerce\packages\woocommerce-admin\src\RemoteInboxNotifications\RemoteInboxNotificationsEngine.php on line 8

2021-04-19T17:23:02+00:00 CRITICAL Maximum execution time of 120 seconds exceeded in C:\xampp\htdocs\sell\wp-content\plugins\ocean-extra\includes\metabox\butterbean\inc\settings\class-setting-array.php on line 81

2021-04-19T17:23:09+00:00 CRITICAL Maximum execution time of 120 seconds exceeded in C:\xampp\htdocs\sell\wp-content\plugins\ocean-extra\includes\metabox\butterbean\inc\settings\class-setting-array.php on line 81

2021-04-19T17:23:09+00:00 CRITICAL Maximum execution time of 120 seconds exceeded in C:\xampp\htdocs\sell\wp-content\plugins\ocean-extra\includes\metabox\butterbean\inc\controls\class-control-parent.php on line 98

2021-04-19T17:23:11+00:00 CRITICAL Maximum execution time of 120 seconds exceeded in C:\xampp\htdocs\sell\wp-content\plugins\woocommerce\includes\admin\marketplace-suggestions\class-wc-marketplace-suggestions.php on line 211

2021-04-19T17:23:11+00:00 CRITICAL Maximum execution time of 120 seconds exceeded in C:\xampp\htdocs\sell\wp-content\plugins\premium-addons-for-elementor\includes\templates\classes\manager.php on line 7

2021-04-19T17:23:12+00:00 CRITICAL Maximum execution time of 120 seconds exceeded in C:\xampp\htdocs\sell\wp-content\plugins\woocommerce\packages\woocommerce-blocks\src\BlockTypes\ProductNew.php on line 26

2021-04-19T17:23:21+00:00 CRITICAL Maximum execution time of 120 seconds exceeded in C:\xampp\htdocs\sell\wp-content\plugins\ocean-extra\includes\menu-icons\includes\library\icon-selector\includes\types\foundation-icons.php on line 1498

2021-04-19T17:23:22+00:00 CRITICAL Maximum execution time of 120 seconds exceeded in C:\xampp\htdocs\sell\wp-content\plugins\woocommerce\packages\woocommerce-blocks\src\BlockTypes\AbstractProductGrid.php on line 469

